Started GET "/" for 127.0.0.1 at 2020-02-18 16:28:30 +0100
  
ActiveRecord::PendingMigrationError (

Migrations are pending. To resolve this issue, run:

        bin/rails db:migrate RAILS_ENV=development

):
  
activerecord (5.1.7) lib/active_record/migration.rb:576:in `check_pending!'
activerecord (5.1.7) lib/active_record/migration.rb:553:in `call'
actionpack (5.1.7) lib/action_dispatch/middleware/callbacks.rb:26:in `block in call'
activesupport (5.1.7) lib/active_support/callbacks.rb:97:in `run_callbacks'
actionpack (5.1.7) lib/action_dispatch/middleware/callbacks.rb:24:in `call'
actionpack (5.1.7) lib/action_dispatch/middleware/executor.rb:12:in `call'
actionpack (5.1.7) lib/action_dispatch/middleware/debug_exceptions.rb:59:in `call'
web-console (3.7.0) lib/web_console/middleware.rb:135:in `call_app'
web-console (3.7.0) lib/web_console/middleware.rb:30:in `block in call'
web-console (3.7.0) lib/web_console/middleware.rb:20:in `catch'
web-console (3.7.0) lib/web_console/middleware.rb:20:in `call'
actionpack (5.1.7) lib/action_dispatch/middleware/show_exceptions.rb:31:in `call'
railties (5.1.7) lib/rails/rack/logger.rb:36:in `call_app'
railties (5.1.7) lib/rails/rack/logger.rb:24:in `block in call'
activesupport (5.1.7) lib/active_support/tagged_logging.rb:69:in `block in tagged'
activesupport (5.1.7) lib/active_support/tagged_logging.rb:26:in `tagged'
activesupport (5.1.7) lib/active_support/tagged_logging.rb:69:in `tagged'
railties (5.1.7) lib/rails/rack/logger.rb:24:in `call'
sprockets-rails (3.2.1) lib/sprockets/rails/quiet_assets.rb:13:in `call'
actionpack (5.1.7) lib/action_dispatch/middleware/remote_ip.rb:79:in `call'
actionpack (5.1.7) lib/action_dispatch/middleware/request_id.rb:25:in `call'
rack (2.2.2) lib/rack/method_override.rb:24:in `call'
rack (2.2.2) lib/rack/runtime.rb:22:in `call'
activesupport (5.1.7) lib/active_support/cache/strategy/local_cache_middleware.rb:27:in `call'
actionpack (5.1.7) lib/action_dispatch/middleware/executor.rb:12:in `call'
actionpack (5.1.7) lib/action_dispatch/middleware/static.rb:125:in `call'
rack (2.2.2) lib/rack/sendfile.rb:110:in `call'
railties (5.1.7) lib/rails/engine.rb:522:in `call'
puma (3.12.2) lib/puma/configuration.rb:227:in `call'
puma (3.12.2) lib/puma/server.rb:674:in `handle_request'
puma (3.12.2) lib/puma/server.rb:476:in `process_client'
puma (3.12.2) lib/puma/server.rb:334:in `block in run'
puma (3.12.2) lib/puma/thread_pool.rb:135:in `block in spawn_thread'
  [1m[35m (0.1ms)[0m  [1m[34mSELECT sqlite_version(*)[0m
  [1m[35m (13.6ms)[0m  [1m[35mCREATE TABLE "schema_migrations" ("version" varchar NOT NULL PRIMARY KEY)[0m
  [1m[35m (9.9ms)[0m  [1m[35mCREATE TABLE "ar_internal_metadata" ("key" varchar NOT NULL PRIMARY KEY, "value" varchar, "created_at" datetime NOT NULL, "updated_at" datetime NOT NULL)[0m
  [1m[35m (0.2ms)[0m  [1m[34mSELECT "schema_migrations"."version" FROM "schema_migrations" ORDER BY "schema_migrations"."version" ASC[0m
Migrating to CreateTopics (20200218152757)
  [1m[35m (0.1ms)[0m  [1m[36mbegin transaction[0m
  [1m[35m (0.7ms)[0m  [1m[35mCREATE TABLE "topics" ("id" INTEGER PRIMARY KEY AUTOINCREMENT NOT NULL, "title" varchar, "body" text, "created_at" datetime NOT NULL, "updated_at" datetime NOT NULL)[0m
  [1m[35mSQL (0.1ms)[0m  [1m[32mINSERT INTO "schema_migrations" ("version") VALUES (?)[0m  [["version", "20200218152757"]]
  [1m[35m (12.6ms)[0m  [1m[36mcommit transaction[0m
  [1m[36mActiveRecord::InternalMetadata Load (0.1ms)[0m  [1m[34mSELECT  "ar_internal_metadata".* FROM "ar_internal_metadata" WHERE "ar_internal_metadata"."key" = ? LIMIT ?[0m  [["key", "environment"], ["LIMIT", 1]]
  [1m[35m (0.1ms)[0m  [1m[36mbegin transaction[0m
  [1m[35mSQL (0.3ms)[0m  [1m[32mINSERT INTO "ar_internal_metadata" ("key", "value", "created_at", "updated_at") VALUES (?, ?, ?, ?)[0m  [["key", "environment"], ["value", "development"], ["created_at", "2020-02-18 15:28:56.304459"], ["updated_at", "2020-02-18 15:28:56.304459"]]
  [1m[35m (10.8ms)[0m  [1m[36mcommit transaction[0m
  [1m[35m (0.1ms)[0m  [1m[34mSELECT "schema_migrations"."version" FROM "schema_migrations" ORDER BY "schema_migrations"."version" ASC[0m
Started GET "/" for 127.0.0.1 at 2020-02-18 16:29:04 +0100
  [1m[35m (0.2ms)[0m  [1m[34mSELECT "schema_migrations"."version" FROM "schema_migrations" ORDER BY "schema_migrations"."version" ASC[0m
Processing by Rails::WelcomeController#index as HTML
  Rendering /home/biar/.rvm/gems/ruby-2.4.1/gems/railties-5.1.7/lib/rails/templates/rails/welcome/index.html.erb
  Rendered /home/biar/.rvm/gems/ruby-2.4.1/gems/railties-5.1.7/lib/rails/templates/rails/welcome/index.html.erb (2.2ms)
Completed 200 OK in 11ms (Views: 6.7ms | ActiveRecord: 0.0ms)


Started GET "/topcis" for 127.0.0.1 at 2020-02-18 16:29:09 +0100
  
ActionController::RoutingError (No route matches [GET] "/topcis"):
  
actionpack (5.1.7) lib/action_dispatch/middleware/debug_exceptions.rb:63:in `call'
web-console (3.7.0) lib/web_console/middleware.rb:135:in `call_app'
web-console (3.7.0) lib/web_console/middleware.rb:30:in `block in call'
web-console (3.7.0) lib/web_console/middleware.rb:20:in `catch'
web-console (3.7.0) lib/web_console/middleware.rb:20:in `call'
actionpack (5.1.7) lib/action_dispatch/middleware/show_exceptions.rb:31:in `call'
railties (5.1.7) lib/rails/rack/logger.rb:36:in `call_app'
railties (5.1.7) lib/rails/rack/logger.rb:24:in `block in call'
activesupport (5.1.7) lib/active_support/tagged_logging.rb:69:in `block in tagged'
activesupport (5.1.7) lib/active_support/tagged_logging.rb:26:in `tagged'
activesupport (5.1.7) lib/active_support/tagged_logging.rb:69:in `tagged'
railties (5.1.7) lib/rails/rack/logger.rb:24:in `call'
sprockets-rails (3.2.1) lib/sprockets/rails/quiet_assets.rb:13:in `call'
actionpack (5.1.7) lib/action_dispatch/middleware/remote_ip.rb:79:in `call'
actionpack (5.1.7) lib/action_dispatch/middleware/request_id.rb:25:in `call'
rack (2.2.2) lib/rack/method_override.rb:24:in `call'
rack (2.2.2) lib/rack/runtime.rb:22:in `call'
activesupport (5.1.7) lib/active_support/cache/strategy/local_cache_middleware.rb:27:in `call'
actionpack (5.1.7) lib/action_dispatch/middleware/executor.rb:12:in `call'
actionpack (5.1.7) lib/action_dispatch/middleware/static.rb:125:in `call'
rack (2.2.2) lib/rack/sendfile.rb:110:in `call'
railties (5.1.7) lib/rails/engine.rb:522:in `call'
puma (3.12.2) lib/puma/configuration.rb:227:in `call'
puma (3.12.2) lib/puma/server.rb:674:in `handle_request'
puma (3.12.2) lib/puma/server.rb:476:in `process_client'
puma (3.12.2) lib/puma/server.rb:334:in `block in run'
puma (3.12.2) lib/puma/thread_pool.rb:135:in `block in spawn_thread'
Started GET "/topics" for 127.0.0.1 at 2020-02-18 16:29:16 +0100
Processing by TopicsController#index as HTML
  Rendering topics/index.html.erb within layouts/application
  [1m[36mTopic Load (0.2ms)[0m  [1m[34mSELECT "topics".* FROM "topics"[0m
  Rendered topics/index.html.erb within layouts/application (4.2ms)
Completed 200 OK in 411ms (Views: 404.5ms | ActiveRecord: 0.8ms)


Started GET "/topics/new" for 127.0.0.1 at 2020-02-18 16:29:18 +0100
Processing by TopicsController#new as HTML
  Rendering topics/new.html.erb within layouts/application
  Rendered topics/_form.html.erb (8.0ms)
  Rendered topics/new.html.erb within layouts/application (9.4ms)
Completed 200 OK in 56ms (Views: 23.5ms | ActiveRecord: 0.5ms)


Started POST "/topics" for 127.0.0.1 at 2020-02-18 16:29:48 +0100
Processing by TopicsController#create as HTML
  Parameters: {"utf8"=>"✓", "authenticity_token"=>"UH4ZkJOA+VXZB1Gu5+m/hrxjQ+qDDf91GGPI/6CzhlI8IbyFHVqYhtuMicLtuHt1xsaDPKVjvuwxecV95rwnvA==", "topic"=>{"title"=>"Primo Topic", "body"=>"TESTOOOOOOOOOOOOOOOOOOOOO"}, "commit"=>"Create Topic"}
  [1m[35m (0.2ms)[0m  [1m[36mbegin transaction[0m
  [1m[35mSQL (3.3ms)[0m  [1m[32mINSERT INTO "topics" ("title", "body", "created_at", "updated_at") VALUES (?, ?, ?, ?)[0m  [["title", "Primo Topic"], ["body", "TESTOOOOOOOOOOOOOOOOOOOOO"], ["created_at", "2020-02-18 15:29:48.284705"], ["updated_at", "2020-02-18 15:29:48.284705"]]
  [1m[35m (10.5ms)[0m  [1m[36mcommit transaction[0m
Redirected to http://localhost:3000/topics/1
Completed 302 Found in 24ms (ActiveRecord: 13.9ms)


Started GET "/topics/1" for 127.0.0.1 at 2020-02-18 16:29:48 +0100
Processing by TopicsController#show as HTML
  Parameters: {"id"=>"1"}
  [1m[36mTopic Load (1.1ms)[0m  [1m[34mSELECT  "topics".* FROM "topics" WHERE "topics"."id" = ? LIMIT ?[0m  [["id", 1], ["LIMIT", 1]]
  Rendering topics/show.html.erb within layouts/application
  Rendered topics/show.html.erb within layouts/application (0.8ms)
Completed 200 OK in 26ms (Views: 20.0ms | ActiveRecord: 1.1ms)


Started GET "/topics" for 127.0.0.1 at 2020-02-18 16:29:50 +0100
Processing by TopicsController#index as HTML
  Rendering topics/index.html.erb within layouts/application
  [1m[36mTopic Load (0.3ms)[0m  [1m[34mSELECT "topics".* FROM "topics"[0m
  Rendered topics/index.html.erb within layouts/application (3.0ms)
Completed 200 OK in 43ms (Views: 40.6ms | ActiveRecord: 0.3ms)


Started GET "/topics" for 127.0.0.1 at 2020-02-18 16:35:02 +0100
  [1m[35m (0.3ms)[0m  [1m[34mSELECT "schema_migrations"."version" FROM "schema_migrations" ORDER BY "schema_migrations"."version" ASC[0m
Processing by TopicsController#index as HTML
  Rendering topics/index.html.erb within layouts/application
  [1m[36mTopic Load (0.2ms)[0m  [1m[34mSELECT "topics".* FROM "topics"[0m
  Rendered topics/index.html.erb within layouts/application (14.3ms)
Completed 500 Internal Server Error in 2744ms (ActiveRecord: 0.7ms)


  
ActionView::Template::Error (Autoprefixer doesn’t support Node v0.10.25. Update it.):
    4:     <title>Forum</title>
    5:     <%= csrf_meta_tags %>
    6: 
    7:     <%= stylesheet_link_tag    'application', media: 'all', 'data-turbolinks-track': 'reload' %>
    8:     <%= javascript_include_tag 'application', 'data-turbolinks-track': 'reload' %>
    9:   </head>
   10: 
  
app/views/layouts/application.html.erb:7:in `_app_views_layouts_application_html_erb__2728208904432595601_39443280'
Started GET "/topics" for 127.0.0.1 at 2020-02-18 16:37:33 +0100
Processing by TopicsController#index as HTML
  Rendering topics/index.html.erb within layouts/application
  [1m[36mTopic Load (0.1ms)[0m  [1m[34mSELECT "topics".* FROM "topics"[0m
  Rendered topics/index.html.erb within layouts/application (4.4ms)
Completed 500 Internal Server Error in 243ms (ActiveRecord: 0.9ms)


  
ActionView::Template::Error (Autoprefixer doesn’t support Node v0.10.25. Update it.):
    4:     <title>Forum</title>
    5:     <%= csrf_meta_tags %>
    6: 
    7:     <%= stylesheet_link_tag    'application', media: 'all', 'data-turbolinks-track': 'reload' %>
    8:     <%= javascript_include_tag 'application', 'data-turbolinks-track': 'reload' %>
    9:   </head>
   10: 
  
app/views/layouts/application.html.erb:7:in `_app_views_layouts_application_html_erb__2728208904432595601_70073096111880'
Started GET "/topics" for 127.0.0.1 at 2020-02-18 16:37:36 +0100
Processing by TopicsController#index as HTML
  Rendering topics/index.html.erb within layouts/application
  [1m[36mTopic Load (0.8ms)[0m  [1m[34mSELECT "topics".* FROM "topics"[0m
  Rendered topics/index.html.erb within layouts/application (2.5ms)
Completed 500 Internal Server Error in 275ms (ActiveRecord: 0.8ms)


  
ActionView::Template::Error (Autoprefixer doesn’t support Node v0.10.25. Update it.):
    4:     <title>Forum</title>
    5:     <%= csrf_meta_tags %>
    6: 
    7:     <%= stylesheet_link_tag    'application', media: 'all', 'data-turbolinks-track': 'reload' %>
    8:     <%= javascript_include_tag 'application', 'data-turbolinks-track': 'reload' %>
    9:   </head>
   10: 
  
app/views/layouts/application.html.erb:7:in `_app_views_layouts_application_html_erb__2728208904432595601_70073129694120'
Started GET "/topics" for 127.0.0.1 at 2020-02-18 16:40:06 +0100
Processing by TopicsController#index as HTML
  Rendering topics/index.html.erb within layouts/application
  [1m[36mTopic Load (0.7ms)[0m  [1m[34mSELECT "topics".* FROM "topics"[0m
  Rendered topics/index.html.erb within layouts/application (2.5ms)
Completed 500 Internal Server Error in 273ms (ActiveRecord: 0.7ms)


  
ActionView::Template::Error (Autoprefixer doesn’t support Node v0.10.25. Update it.):
    4:     <title>Forum</title>
    5:     <%= csrf_meta_tags %>
    6: 
    7:     <%= stylesheet_link_tag    'application', media: 'all', 'data-turbolinks-track': 'reload' %>
    8:     <%= javascript_include_tag 'application', 'data-turbolinks-track': 'reload' %>
    9:   </head>
   10: 
  
app/views/layouts/application.html.erb:7:in `_app_views_layouts_application_html_erb__2728208904432595601_70073129833080'
Started GET "/topics" for 127.0.0.1 at 2020-02-18 16:40:09 +0100
Processing by TopicsController#index as HTML
  Rendering topics/index.html.erb within layouts/application
  [1m[36mTopic Load (0.2ms)[0m  [1m[34mSELECT "topics".* FROM "topics"[0m
  Rendered topics/index.html.erb within layouts/application (2.5ms)
Completed 500 Internal Server Error in 265ms (ActiveRecord: 0.2ms)


  
ActionView::Template::Error (Autoprefixer doesn’t support Node v0.10.25. Update it.):
    4:     <title>Forum</title>
    5:     <%= csrf_meta_tags %>
    6: 
    7:     <%= stylesheet_link_tag    'application', media: 'all', 'data-turbolinks-track': 'reload' %>
    8:     <%= javascript_include_tag 'application', 'data-turbolinks-track': 'reload' %>
    9:   </head>
   10: 
  
app/views/layouts/application.html.erb:7:in `_app_views_layouts_application_html_erb__2728208904432595601_70073189085680'
Started GET "/" for 127.0.0.1 at 2020-02-18 16:40:20 +0100
  [1m[35m (0.1ms)[0m  [1m[34mSELECT "schema_migrations"."version" FROM "schema_migrations" ORDER BY "schema_migrations"."version" ASC[0m
Processing by Rails::WelcomeController#index as HTML
  Rendering /home/biar/.rvm/gems/ruby-2.4.1/gems/railties-5.1.7/lib/rails/templates/rails/welcome/index.html.erb
  Rendered /home/biar/.rvm/gems/ruby-2.4.1/gems/railties-5.1.7/lib/rails/templates/rails/welcome/index.html.erb (1.8ms)
Completed 200 OK in 11ms (Views: 4.9ms | ActiveRecord: 0.0ms)


Started GET "/topics" for 127.0.0.1 at 2020-02-18 16:40:24 +0100
Processing by TopicsController#index as HTML
  Rendering topics/index.html.erb within layouts/application
  [1m[36mTopic Load (0.1ms)[0m  [1m[34mSELECT "topics".* FROM "topics"[0m
  Rendered topics/index.html.erb within layouts/application (11.6ms)
Completed 200 OK in 222ms (Views: 217.5ms | ActiveRecord: 1.3ms)


Started GET "/topics/new" for 127.0.0.1 at 2020-02-18 16:48:13 +0100
Processing by TopicsController#new as HTML
  Rendering topics/new.html.erb within layouts/application
  Rendered topics/_form.html.erb (14.7ms)
  Rendered topics/new.html.erb within layouts/application (16.4ms)
Completed 200 OK in 38ms (Views: 37.0ms | ActiveRecord: 0.0ms)


Started GET "/" for 127.0.0.1 at 2020-02-18 16:51:48 +0100
Processing by TopicsController#index as HTML
  Rendering topics/index.html.erb within layouts/application
  [1m[36mTopic Load (0.1ms)[0m  [1m[34mSELECT "topics".* FROM "topics"[0m
  Rendered topics/index.html.erb within layouts/application (8.6ms)
Completed 200 OK in 50ms (Views: 47.0ms | ActiveRecord: 1.2ms)


Started GET "/" for 127.0.0.1 at 2020-02-18 16:51:51 +0100
Processing by TopicsController#index as HTML
  Rendering topics/index.html.erb within layouts/application
  [1m[36mTopic Load (0.2ms)[0m  [1m[34mSELECT "topics".* FROM "topics"[0m
  Rendered topics/index.html.erb within layouts/application (2.3ms)
Completed 200 OK in 26ms (Views: 23.9ms | ActiveRecord: 0.2ms)


Started GET "/" for 127.0.0.1 at 2020-02-18 17:02:54 +0100
Processing by TopicsController#index as HTML
  Rendering topics/index.html.erb within layouts/application
  [1m[36mTopic Load (0.6ms)[0m  [1m[34mSELECT "topics".* FROM "topics"[0m
  Rendered topics/index.html.erb within layouts/application (4.4ms)
Completed 200 OK in 25ms (Views: 22.6ms | ActiveRecord: 0.6ms)


Started GET "/" for 127.0.0.1 at 2020-02-18 17:04:40 +0100
Processing by TopicsController#index as HTML
  Rendering topics/index.html.erb within layouts/application
  [1m[36mTopic Load (0.2ms)[0m  [1m[34mSELECT "topics".* FROM "topics"[0m
  Rendered topics/index.html.erb within layouts/application (3.6ms)
Completed 200 OK in 23ms (Views: 22.3ms | ActiveRecord: 0.2ms)


Started GET "/" for 127.0.0.1 at 2020-02-18 17:05:19 +0100
Processing by TopicsController#index as HTML
  Rendering topics/index.html.erb within layouts/application
  [1m[36mTopic Load (0.2ms)[0m  [1m[34mSELECT "topics".* FROM "topics"[0m
  Rendered topics/index.html.erb within layouts/application (5.5ms)
Completed 200 OK in 49ms (Views: 46.9ms | ActiveRecord: 0.2ms)


Started GET "/topics/new" for 127.0.0.1 at 2020-02-18 17:05:24 +0100
Processing by TopicsController#new as HTML
  Rendering topics/new.html.erb within layouts/application
  Rendered topics/_form.html.erb (2.9ms)
  Rendered topics/new.html.erb within layouts/application (4.2ms)
Completed 200 OK in 31ms (Views: 30.0ms | ActiveRecord: 0.0ms)


Started GET "/topics" for 127.0.0.1 at 2020-02-18 17:06:05 +0100
Processing by TopicsController#index as HTML
  Rendering topics/index.html.erb within layouts/application
  [1m[36mTopic Load (0.2ms)[0m  [1m[34mSELECT "topics".* FROM "topics"[0m
  Rendered topics/index.html.erb within layouts/application (2.5ms)
Completed 200 OK in 29ms (Views: 27.7ms | ActiveRecord: 0.2ms)


Started GET "/topics/1" for 127.0.0.1 at 2020-02-18 17:06:09 +0100
Processing by TopicsController#show as HTML
  Parameters: {"id"=>"1"}
  [1m[36mTopic Load (0.4ms)[0m  [1m[34mSELECT  "topics".* FROM "topics" WHERE "topics"."id" = ? LIMIT ?[0m  [["id", 1], ["LIMIT", 1]]
  Rendering topics/show.html.erb within layouts/application
  Rendered topics/show.html.erb within layouts/application (1.5ms)
Completed 200 OK in 44ms (Views: 39.3ms | ActiveRecord: 0.4ms)


Started GET "/topics" for 127.0.0.1 at 2020-02-18 17:07:10 +0100
Processing by TopicsController#index as HTML
  Rendering topics/index.html.erb within layouts/application
  [1m[36mTopic Load (0.2ms)[0m  [1m[34mSELECT "topics".* FROM "topics"[0m
  Rendered topics/index.html.erb within layouts/application (1.9ms)
Completed 200 OK in 29ms (Views: 27.4ms | ActiveRecord: 0.2ms)


Started GET "/topics/new" for 127.0.0.1 at 2020-02-18 17:08:13 +0100
Processing by TopicsController#new as HTML
  Rendering topics/new.html.erb within layouts/application
  Rendered topics/_form.html.erb (5.1ms)
  Rendered topics/new.html.erb within layouts/application (6.7ms)
Completed 200 OK in 33ms (Views: 32.4ms | ActiveRecord: 0.0ms)


Started GET "/topics" for 127.0.0.1 at 2020-02-18 17:08:32 +0100
Processing by TopicsController#index as HTML
  Rendering topics/index.html.erb within layouts/application
  [1m[36mTopic Load (4.9ms)[0m  [1m[34mSELECT "topics".* FROM "topics"[0m
  Rendered topics/index.html.erb within layouts/application (8.8ms)
Completed 200 OK in 35ms (Views: 29.4ms | ActiveRecord: 4.9ms)


Started GET "/topics" for 127.0.0.1 at 2020-02-18 17:09:26 +0100
Processing by TopicsController#index as HTML
  Rendering topics/index.html.erb within layouts/application
  [1m[36mTopic Load (0.2ms)[0m  [1m[34mSELECT "topics".* FROM "topics"[0m
  Rendered topics/index.html.erb within layouts/application (2.4ms)
Completed 200 OK in 21ms (Views: 20.2ms | ActiveRecord: 0.2ms)


Started GET "/topics" for 127.0.0.1 at 2020-02-18 17:09:28 +0100
Processing by TopicsController#index as HTML
  Rendering topics/index.html.erb within layouts/application
  [1m[36mTopic Load (0.2ms)[0m  [1m[34mSELECT "topics".* FROM "topics"[0m
  Rendered topics/index.html.erb within layouts/application (1.7ms)
Completed 200 OK in 20ms (Views: 18.1ms | ActiveRecord: 0.2ms)


Started GET "/topics" for 127.0.0.1 at 2020-02-18 17:09:29 +0100
Processing by TopicsController#index as HTML
  Rendering topics/index.html.erb within layouts/application
  [1m[36mTopic Load (0.2ms)[0m  [1m[34mSELECT "topics".* FROM "topics"[0m
  Rendered topics/index.html.erb within layouts/application (2.5ms)
Completed 200 OK in 24ms (Views: 22.3ms | ActiveRecord: 0.2ms)


Started GET "/topics" for 127.0.0.1 at 2020-02-18 17:09:38 +0100
Processing by TopicsController#index as HTML
  Rendering topics/index.html.erb within layouts/application
  [1m[36mTopic Load (0.2ms)[0m  [1m[34mSELECT "topics".* FROM "topics"[0m
  Rendered topics/index.html.erb within layouts/application (2.2ms)
Completed 200 OK in 28ms (Views: 26.4ms | ActiveRecord: 0.2ms)


Started GET "/topics/new" for 127.0.0.1 at 2020-02-18 17:10:14 +0100
Processing by TopicsController#new as HTML
  Rendering topics/new.html.erb within layouts/application
  Rendered topics/_form.html.erb (1.9ms)
  Rendered topics/new.html.erb within layouts/application (2.9ms)
Completed 200 OK in 26ms (Views: 24.6ms | ActiveRecord: 0.0ms)


Started GET "/topics" for 127.0.0.1 at 2020-02-18 17:10:17 +0100
Processing by TopicsController#index as HTML
  Rendering topics/index.html.erb within layouts/application
  [1m[36mTopic Load (0.2ms)[0m  [1m[34mSELECT "topics".* FROM "topics"[0m
  Rendered topics/index.html.erb within layouts/application (1.7ms)
Completed 200 OK in 30ms (Views: 28.2ms | ActiveRecord: 0.2ms)


Started GET "/" for 127.0.0.1 at 2020-02-19 11:30:58 +0100
  [1m[35m (0.4ms)[0m  [1m[34mSELECT "schema_migrations"."version" FROM "schema_migrations" ORDER BY "schema_migrations"."version" ASC[0m
Processing by TopicsController#index as HTML
  Rendering topics/index.html.erb within layouts/application
  [1m[36mTopic Load (0.5ms)[0m  [1m[34mSELECT "topics".* FROM "topics"[0m
  Rendered topics/index.html.erb within layouts/application (115.1ms)
Completed 500 Internal Server Error in 142ms (ActiveRecord: 1.7ms)


  
SyntaxError (/home/biar/Desktop/Forum/app/views/layouts/application.html.erb:15: syntax error, unexpected '<'
eeze;@output_buffer.append=( <a href="/auth/twitter">Sing in
                              ^
/home/biar/Desktop/Forum/app/views/layouts/application.html.erb:15: syntax error, unexpected keyword_in, expecting ')'
a href="/auth/twitter">Sing in</a> );@output_buffer.safe_app
                              ^
/home/biar/Desktop/Forum/app/views/layouts/application.html.erb:16: unknown regexp option - h
/home/biar/Desktop/Forum/app/views/layouts/application.html.erb:16: unmatched close parenthesis: /a> );@output_buffer.safe_append='
    </
/home/biar/Desktop/Forum/app/views/layouts/application.html.erb:16: syntax error, unexpected tINTEGER, expecting ')'
    </h1>
        ^
/home/biar/Desktop/Forum/app/views/layouts/application.html.erb:20: syntax error, unexpected '<', expecting ')'
    </div>
     ^
/home/biar/Desktop/Forum/app/views/layouts/application.html.erb:22: unknown regexp options - bdy
/home/biar/Desktop/Forum/app/views/layouts/application.html.erb:23: syntax error, unexpected '<'
</html>
 ^
/home/biar/Desktop/Forum/app/views/layouts/application.html.erb:23: unterminated regexp meets end of file):
  
app/views/layouts/application.html.erb:15: syntax error, unexpected '<'
app/views/layouts/application.html.erb:15: syntax error, unexpected keyword_in, expecting ')'
app/views/layouts/application.html.erb:16: unknown regexp option - h
app/views/layouts/application.html.erb:16: unmatched close parenthesis: /a> );@output_buffer.safe_append='
app/views/layouts/application.html.erb:16: syntax error, unexpected tINTEGER, expecting ')'
app/views/layouts/application.html.erb:20: syntax error, unexpected '<', expecting ')'
app/views/layouts/application.html.erb:22: unknown regexp options - bdy
app/views/layouts/application.html.erb:23: syntax error, unexpected '<'
app/views/layouts/application.html.erb:23: unterminated regexp meets end of file
Started GET "/" for 127.0.0.1 at 2020-02-19 11:31:43 +0100
Processing by TopicsController#index as HTML
  Rendering topics/index.html.erb within layouts/application
  [1m[36mTopic Load (0.4ms)[0m  [1m[34mSELECT "topics".* FROM "topics"[0m
  Rendered topics/index.html.erb within layouts/application (6.3ms)
Completed 200 OK in 325ms (Views: 322.9ms | ActiveRecord: 0.8ms)


Started GET "/auth/twitter" for 127.0.0.1 at 2020-02-19 11:31:47 +0100
  
ActionController::RoutingError (No route matches [GET] "/auth/twitter"):
  
actionpack (5.1.7) lib/action_dispatch/middleware/debug_exceptions.rb:63:in `call'
web-console (3.7.0) lib/web_console/middleware.rb:135:in `call_app'
web-console (3.7.0) lib/web_console/middleware.rb:30:in `block in call'
web-console (3.7.0) lib/web_console/middleware.rb:20:in `catch'
web-console (3.7.0) lib/web_console/middleware.rb:20:in `call'
actionpack (5.1.7) lib/action_dispatch/middleware/show_exceptions.rb:31:in `call'
railties (5.1.7) lib/rails/rack/logger.rb:36:in `call_app'
railties (5.1.7) lib/rails/rack/logger.rb:24:in `block in call'
activesupport (5.1.7) lib/active_support/tagged_logging.rb:69:in `block in tagged'
activesupport (5.1.7) lib/active_support/tagged_logging.rb:26:in `tagged'
activesupport (5.1.7) lib/active_support/tagged_logging.rb:69:in `tagged'
railties (5.1.7) lib/rails/rack/logger.rb:24:in `call'
sprockets-rails (3.2.1) lib/sprockets/rails/quiet_assets.rb:13:in `call'
actionpack (5.1.7) lib/action_dispatch/middleware/remote_ip.rb:79:in `call'
actionpack (5.1.7) lib/action_dispatch/middleware/request_id.rb:25:in `call'
rack (2.2.2) lib/rack/method_override.rb:24:in `call'
rack (2.2.2) lib/rack/runtime.rb:22:in `call'
activesupport (5.1.7) lib/active_support/cache/strategy/local_cache_middleware.rb:27:in `call'
actionpack (5.1.7) lib/action_dispatch/middleware/executor.rb:12:in `call'
actionpack (5.1.7) lib/action_dispatch/middleware/static.rb:125:in `call'
rack (2.2.2) lib/rack/sendfile.rb:110:in `call'
railties (5.1.7) lib/rails/engine.rb:522:in `call'
puma (3.12.2) lib/puma/configuration.rb:227:in `call'
puma (3.12.2) lib/puma/server.rb:674:in `handle_request'
puma (3.12.2) lib/puma/server.rb:476:in `process_client'
puma (3.12.2) lib/puma/server.rb:334:in `block in run'
puma (3.12.2) lib/puma/thread_pool.rb:135:in `block in spawn_thread'
Started GET "/" for 127.0.0.1 at 2020-02-19 11:32:31 +0100
Processing by TopicsController#index as HTML
  Rendering topics/index.html.erb within layouts/application
  [1m[36mTopic Load (0.7ms)[0m  [1m[34mSELECT "topics".* FROM "topics"[0m
  Rendered topics/index.html.erb within layouts/application (4.7ms)
Completed 200 OK in 83ms (Views: 81.2ms | ActiveRecord: 0.7ms)


Started GET "/" for 127.0.0.1 at 2020-02-19 11:33:42 +0100
Processing by TopicsController#index as HTML
  Rendering topics/index.html.erb within layouts/application
  [1m[36mTopic Load (0.3ms)[0m  [1m[34mSELECT "topics".* FROM "topics"[0m
  Rendered topics/index.html.erb within layouts/application (4.2ms)
Completed 200 OK in 67ms (Views: 64.0ms | ActiveRecord: 0.3ms)


Started GET "/" for 127.0.0.1 at 2020-02-19 11:33:44 +0100
Processing by TopicsController#index as HTML
  Rendering topics/index.html.erb within layouts/application
  [1m[36mTopic Load (0.4ms)[0m  [1m[34mSELECT "topics".* FROM "topics"[0m
  Rendered topics/index.html.erb within layouts/application (5.9ms)
Completed 200 OK in 66ms (Views: 63.3ms | ActiveRecord: 0.4ms)


Started GET "/" for 127.0.0.1 at 2020-02-19 11:34:07 +0100
Processing by TopicsController#index as HTML
  Rendering topics/index.html.erb within layouts/application
  [1m[36mTopic Load (1.0ms)[0m  [1m[34mSELECT "topics".* FROM "topics"[0m
  Rendered topics/index.html.erb within layouts/application (27.9ms)
Completed 200 OK in 55ms (Views: 52.6ms | ActiveRecord: 1.0ms)


Started GET "/" for 127.0.0.1 at 2020-02-19 11:35:17 +0100
Processing by TopicsController#index as HTML
  Rendering topics/index.html.erb within layouts/application
  [1m[36mTopic Load (0.3ms)[0m  [1m[34mSELECT "topics".* FROM "topics"[0m
  Rendered topics/index.html.erb within layouts/application (2.5ms)
Completed 200 OK in 31ms (Views: 28.5ms | ActiveRecord: 0.3ms)


Started GET "/" for 127.0.0.1 at 2020-02-19 11:35:33 +0100
Processing by TopicsController#index as HTML
  Rendering topics/index.html.erb within layouts/application
  [1m[36mTopic Load (0.3ms)[0m  [1m[34mSELECT "topics".* FROM "topics"[0m
  Rendered topics/index.html.erb within layouts/application (3.1ms)
Completed 200 OK in 32ms (Views: 30.1ms | ActiveRecord: 0.3ms)


Started GET "/" for ::1 at 2020-02-19 12:16:56 +0100
  [1m[35m (0.5ms)[0m  [1m[34mSELECT "schema_migrations"."version" FROM "schema_migrations" ORDER BY "schema_migrations"."version" ASC[0m
Processing by TopicsController#index as HTML
  Rendering topics/index.html.erb within layouts/application
  [1m[36mTopic Load (0.4ms)[0m  [1m[34mSELECT "topics".* FROM "topics"[0m
  Rendered topics/index.html.erb within layouts/application (18.2ms)
Completed 200 OK in 276ms (Views: 258.1ms | ActiveRecord: 1.5ms)


Started GET "/" for ::1 at 2020-02-19 13:03:06 +0100
  [1m[35m (0.6ms)[0m  [1m[34mSELECT "schema_migrations"."version" FROM "schema_migrations" ORDER BY "schema_migrations"."version" ASC[0m
Processing by TopicsController#index as HTML
  Rendering topics/index.html.erb within layouts/application
  [1m[36mTopic Load (0.2ms)[0m  [1m[34mSELECT "topics".* FROM "topics"[0m
  Rendered topics/index.html.erb within layouts/application (15.4ms)
Completed 200 OK in 381ms (Views: 366.9ms | ActiveRecord: 1.1ms)


